<?xml version="1.0" encoding="UTF-8"?>
<!-- Generated by org.testng.reporters.JUnitReportReporter -->
<testsuite skipped="0" hostname="INW1PF1PY3MM" name="com.dreamland.restautomation.UserMethods" tests="2" failures="0" timestamp="2022-03-13T13:51:56 IST" time="7.434" errors="0">
  <testcase name="createUser" time="6.626" classname="com.dreamland.restautomation.UserMethods"/>
  <system-out/>
  <testcase name="createUser2" time="0.808" classname="com.dreamland.restautomation.UserMethods"/>
  <system-out/>
</testsuite> <!-- com.dreamland.restautomation.UserMethods -->
